2007-11-02 08:45:03 INFO: ConfigFile -> /home/emaku/comeet/comeet/CoMeet-Server/comeet/conf/server.conf
2007-11-02 08:45:03 INFO: Cargando archivo de configuracion...
2007-11-02 08:45:03 INFO: Cargando base de datos... comeet
2007-11-02 08:45:04 ADVERTENCIA: Base de datos deshabilitada desde configuracion -> oracle
2007-11-02 08:45:04 INFO: Cargando cache de enlace [comeet]
2007-11-02 08:45:05 INFO: Iniciando demonio pop3
2007-11-02 08:45:05 INFO: Servidor de correo {saludtotal.com}
2007-11-02 08:45:05 INFO: Iniciando demonio de sincronizacion
2007-11-02 08:45:05 INFO: Servidor CoMeet escuchando por el puerto 9119
2007-11-02 08:45:19 INFO: Se ha establecido una nueva conexion TCP/IP Socket[addr=/127.0.0.1,port=55639,localport=9119]
2007-11-02 08:45:19 INFO: Inicio de autenticacion para el usuario {DiegoR} con la clave {827ccb0eea8a706c4c34a16891f84e7b}
2007-11-02 08:45:19 INFO: Control de acceso sobre direcciones ip no habilitado para este usuario
2007-11-02 08:45:19 INFO: Colocador Autenticado {DiegoR} desde PORVENIR [127.0.0.1]
2007-11-02 09:01:31 INFO: Nuevo mensaje enviado por Colocador desde 127.0.0.1
2007-11-02 09:01:32 INFO: Enviando mensaje a 1 usuario
2007-11-02 09:01:32 INFO: [Envio a Cuenta de Correo] Remitente {DiegoR} - Destino: gustavo - Asunto: Bullet proof
2007-11-02 09:01:32 INFO: Almacenando registro de mensaje en la base de datos [gustavo]
2007-11-02 09:02:37 ERROR: Falla en la autenticacion del demonio pop3. No se podran obtener los correos.
2007-11-02 09:02:37 ERROR: Por favor, revise el archivo de configuracion y vuelva a iniciar el CoMeet.
2007-11-02 09:02:37 Causa: [IN-USE] /var/spool/pop/.comeet.pop lock busy!  Is another session active? (11)
2007-11-02 09:04:34 INFO: ConfigFile -> /home/emaku/comeet/comeet/CoMeet-Server/comeet/conf/server.conf
2007-11-02 09:04:35 INFO: Cargando archivo de configuracion...
2007-11-02 09:04:35 INFO: Cargando base de datos... comeet
2007-11-02 09:04:36 ADVERTENCIA: Base de datos deshabilitada desde configuracion -> oracle
2007-11-02 09:04:36 INFO: Cargando cache de enlace [comeet]
2007-11-02 09:04:37 INFO: Iniciando demonio pop3
2007-11-02 09:04:37 INFO: Servidor de correo {saludtotal.com}
2007-11-02 09:04:37 INFO: Iniciando demonio de sincronizacion
2007-11-02 09:04:37 INFO: Servidor CoMeet escuchando por el puerto 9119
2007-11-02 09:04:54 INFO: Se ha establecido una nueva conexion TCP/IP Socket[addr=/127.0.0.1,port=34297,localport=9119]
2007-11-02 09:04:54 INFO: Inicio de autenticacion para el usuario {DiegoR} con la clave {827ccb0eea8a706c4c34a16891f84e7b}
2007-11-02 09:04:54 INFO: Control de acceso sobre direcciones ip no habilitado para este usuario
2007-11-02 09:04:55 INFO: Colocador Autenticado {DiegoR} desde PORVENIR [127.0.0.1]
2007-11-02 09:07:44 INFO: ConfigFile -> /home/emaku/comeet/comeet/CoMeet-Server/comeet/conf/server.conf
2007-11-02 09:07:44 INFO: Cargando archivo de configuracion...
2007-11-02 09:07:44 INFO: Cargando base de datos... comeet
2007-11-02 09:07:44 ADVERTENCIA: Base de datos deshabilitada desde configuracion -> oracle
2007-11-02 09:07:44 INFO: Cargando cache de enlace [comeet]
2007-11-02 09:07:45 INFO: Iniciando demonio pop3
2007-11-02 09:07:45 INFO: Servidor de correo {saludtotal.com}
2007-11-02 09:07:45 INFO: Iniciando demonio de sincronizacion
2007-11-02 09:07:45 INFO: Servidor CoMeet escuchando por el puerto 9119
2007-11-02 09:08:06 INFO: Leyendo correo del buzon de mensajes
2007-11-02 09:08:06 INFO: Nuevo mensaje desde {gustavo@saludtotal.com} con asunto [ DiegoR,Bullet proof ]
2007-11-02 09:08:06 INFO: Enviando mensaje a 1 usuario
2007-11-02 09:08:06 INFO: Almacenando registro de mensaje en la base de datos [DiegoR]
2007-11-02 09:08:54 INFO: Se ha establecido una nueva conexion TCP/IP Socket[addr=/127.0.0.1,port=34300,localport=9119]
2007-11-02 09:08:54 INFO: Inicio de autenticacion para el usuario {DiegoR} con la clave {827ccb0eea8a706c4c34a16891f84e7b}
2007-11-02 09:08:54 INFO: Control de acceso sobre direcciones ip no habilitado para este usuario
2007-11-02 09:08:54 INFO: Colocador Autenticado {DiegoR} desde PORVENIR [127.0.0.1]
2007-11-02 09:09:12 INFO: Nuevo mensaje enviado por Colocador desde 127.0.0.1
2007-11-02 09:09:12 INFO: Enviando mensaje a 1 usuario
2007-11-02 09:09:12 INFO: [Envio a Cuenta de Correo] Remitente {DiegoR} - Destino: gustavo - Asunto: Mensaje de Prueba
2007-11-02 09:09:12 INFO: Almacenando registro de mensaje en la base de datos [gustavo]
2007-11-02 09:10:54 INFO: ConfigFile -> /home/emaku/comeet/comeet/CoMeet-Server/comeet/conf/server.conf
2007-11-02 09:10:54 INFO: Cargando archivo de configuracion...
2007-11-02 09:10:54 INFO: Cargando base de datos... comeet
2007-11-02 09:10:54 ADVERTENCIA: Base de datos deshabilitada desde configuracion -> oracle
2007-11-02 09:10:54 INFO: Cargando cache de enlace [comeet]
2007-11-02 09:10:55 INFO: Iniciando demonio pop3
2007-11-02 09:10:55 INFO: Servidor de correo {saludtotal.com}
2007-11-02 09:10:55 INFO: Iniciando demonio de sincronizacion
2007-11-02 09:10:55 INFO: Servidor CoMeet escuchando por el puerto 9119
2007-11-02 09:11:10 INFO: Se ha establecido una nueva conexion TCP/IP Socket[addr=/127.0.0.1,port=46266,localport=9119]
2007-11-02 09:11:10 INFO: Inicio de autenticacion para el usuario {DiegoR} con la clave {827ccb0eea8a706c4c34a16891f84e7b}
2007-11-02 09:11:10 INFO: Control de acceso sobre direcciones ip no habilitado para este usuario
2007-11-02 09:11:10 INFO: Colocador Autenticado {DiegoR} desde PORVENIR [127.0.0.1]
2007-11-02 09:12:36 INFO: ConfigFile -> /home/emaku/comeet/comeet/CoMeet-Server/comeet/conf/server.conf
2007-11-02 09:12:36 INFO: Cargando archivo de configuracion...
2007-11-02 09:12:36 INFO: Cargando base de datos... comeet
2007-11-02 09:12:36 ADVERTENCIA: Base de datos deshabilitada desde configuracion -> oracle
2007-11-02 09:12:36 INFO: Cargando cache de enlace [comeet]
2007-11-02 09:12:37 INFO: Iniciando demonio pop3
2007-11-02 09:12:37 INFO: Servidor de correo {saludtotal.com}
2007-11-02 09:12:37 INFO: Iniciando demonio de sincronizacion
2007-11-02 09:12:37 INFO: Servidor CoMeet escuchando por el puerto 9119
2007-11-02 09:12:50 INFO: Se ha establecido una nueva conexion TCP/IP Socket[addr=/127.0.0.1,port=46268,localport=9119]
2007-11-02 09:12:51 INFO: Inicio de autenticacion para el usuario {DiegoR} con la clave {827ccb0eea8a706c4c34a16891f84e7b}
2007-11-02 09:12:51 INFO: Control de acceso sobre direcciones ip no habilitado para este usuario
2007-11-02 09:12:51 INFO: Colocador Autenticado {DiegoR} desde PORVENIR [127.0.0.1]
2007-11-02 09:13:13 INFO: Leyendo correo del buzon de mensajes
2007-11-02 09:13:13 INFO: Nuevo mensaje desde {gustavo@saludtotal.com} con asunto [ DiegoR,Mensaje de Prueba ]
2007-11-02 09:13:13 INFO: Enviando mensaje a 1 usuario
2007-11-02 09:13:13 INFO: [Envio a Punto de Venta] Remitente {gustavo} - Destino: DiegoR - Asunto: Mensaje de Prueba
2007-11-02 09:13:13 INFO: Almacenando registro de mensaje en la base de datos [DiegoR]
2007-11-02 09:13:43 INFO: Leyendo correo del buzon de mensajes
2007-11-02 09:13:43 INFO: Nuevo mensaje desde {gustavo@saludtotal.com} con asunto [ DiegoR,Bullet proof ]
2007-11-02 09:13:43 INFO: Enviando mensaje a 1 usuario
2007-11-02 09:13:43 INFO: [Envio a Punto de Venta] Remitente {gustavo} - Destino: DiegoR - Asunto: Bullet proof
2007-11-02 09:13:43 INFO: Almacenando registro de mensaje en la base de datos [DiegoR]
2007-11-02 09:13:57 INFO: Nuevo mensaje enviado por Colocador desde 127.0.0.1
2007-11-02 09:13:57 INFO: Enviando mensaje a 1 usuario
2007-11-02 09:13:57 INFO: [Envio a Cuenta de Correo] Remitente {DiegoR} - Destino: gustavo - Asunto: Ensayando!
2007-11-02 09:13:57 INFO: Almacenando registro de mensaje en la base de datos [gustavo]
2007-11-02 09:15:09 INFO: Leyendo correo del buzon de mensajes
2007-11-02 09:15:09 INFO: Nuevo mensaje desde {gustavo@saludtotal.com} con asunto [ DiegoR,Ensayando! ]
2007-11-02 09:15:09 INFO: Enviando mensaje a 1 usuario
2007-11-02 09:15:09 INFO: [Envio a Punto de Venta] Remitente {gustavo} - Destino: DiegoR - Asunto: Ensayando!
2007-11-02 09:15:09 INFO: Almacenando registro de mensaje en la base de datos [DiegoR]
2007-11-02 09:15:13 INFO: Confirmada lectura del mensaje con destino {DiegoR} / Asunto: [Ensayando!] / Remitido por: {FALLAS EQUIPOS}
2007-11-02 09:15:14 INFO: Confirmada lectura del mensaje con destino {DiegoR} / Asunto: [Bullet proof] / Remitido por: {FALLAS EQUIPOS}
2007-11-02 09:15:18 INFO: Confirmada lectura del mensaje con destino {DiegoR} / Asunto: [Mensaje de Prueba] / Remitido por: {FALLAS EQUIPOS}
2007-11-02 09:15:19 INFO: Confirmada lectura del mensaje con destino {DiegoR} / Asunto: [Bullet proof] / Remitido por: {FALLAS EQUIPOS}
2007-11-02 09:16:09 INFO: ConfigFile -> /home/emaku/comeet/comeet/CoMeet-Server/comeet/conf/server.conf
2007-11-02 09:16:10 INFO: Cargando archivo de configuracion...
2007-11-02 09:16:10 INFO: Cargando base de datos... comeet
2007-11-02 09:16:10 ADVERTENCIA: Base de datos deshabilitada desde configuracion -> oracle
2007-11-02 09:16:10 INFO: Cargando cache de enlace [comeet]
2007-11-02 09:16:10 INFO: Iniciando demonio pop3
2007-11-02 09:16:10 INFO: Servidor de correo {saludtotal.com}
2007-11-02 09:16:10 INFO: Iniciando demonio de sincronizacion
2007-11-02 09:16:10 INFO: Servidor CoMeet escuchando por el puerto 9119
2007-11-02 09:16:20 INFO: Se ha establecido una nueva conexion TCP/IP Socket[addr=/127.0.0.1,port=36915,localport=9119]
2007-11-02 09:16:20 INFO: Inicio de autenticacion para el usuario {DiegoR} con la clave {827ccb0eea8a706c4c34a16891f84e7b}
2007-11-02 09:16:20 INFO: Control de acceso sobre direcciones ip no habilitado para este usuario
2007-11-02 09:16:20 INFO: Colocador Autenticado {DiegoR} desde PORVENIR [127.0.0.1]
2007-11-02 09:16:41 INFO: Leyendo correo del buzon de mensajes
2007-11-02 09:16:41 INFO: Nuevo mensaje desde {gustavo@saludtotal.com} con asunto [ DiegoR,Ensayando! ]
2007-11-02 09:16:41 INFO: Enviando mensaje a 1 usuario
2007-11-02 09:16:41 INFO: [Envio a Punto de Venta] Remitente {gustavo} - Destino: DiegoR - Asunto: Ensayando!
2007-11-02 09:16:41 INFO: Almacenando registro de mensaje en la base de datos [DiegoR]
2007-11-02 09:16:44 INFO: Confirmada lectura del mensaje con destino {DiegoR} / Asunto: [Ensayando!] / Remitido por: {FALLAS EQUIPOS}
2007-11-02 09:16:59 INFO: Nuevo mensaje enviado por Colocador desde 127.0.0.1
2007-11-02 09:16:59 INFO: Enviando mensaje a 1 usuario
2007-11-02 09:16:59 INFO: [Envio a Cuenta de Correo] Remitente {DiegoR} - Destino: gustavo - Asunto: Prueba 13
2007-11-02 09:16:59 INFO: Almacenando registro de mensaje en la base de datos [gustavo]
2007-11-02 09:17:21 INFO: Leyendo correo del buzon de mensajes
2007-11-02 09:17:21 INFO: Nuevo mensaje desde {gustavo@saludtotal.com} con asunto [ DiegoR,Prueba 13 ]
2007-11-02 09:17:21 INFO: Enviando mensaje a 1 usuario
2007-11-02 09:17:21 INFO: [Envio a Punto de Venta] Remitente {gustavo} - Destino: DiegoR - Asunto: Prueba 13
2007-11-02 09:17:21 INFO: Almacenando registro de mensaje en la base de datos [DiegoR]
2007-11-02 09:17:23 INFO: Confirmada lectura del mensaje con destino {DiegoR} / Asunto: [Prueba 13] / Remitido por: {FALLAS EQUIPOS}
2007-11-02 09:17:42 INFO: Leyendo correo del buzon de mensajes
2007-11-02 09:17:42 INFO: Nuevo mensaje desde {gustavo@saludtotal.com} con asunto [ DiegoR,Mensaje de Prueba ]
2007-11-02 09:17:42 INFO: Enviando mensaje a 1 usuario
2007-11-02 09:17:42 INFO: [Envio a Punto de Venta] Remitente {gustavo} - Destino: DiegoR - Asunto: Mensaje de Prueba
2007-11-02 09:17:42 INFO: Almacenando registro de mensaje en la base de datos [DiegoR]
2007-11-02 09:17:43 INFO: Confirmada lectura del mensaje con destino {DiegoR} / Asunto: [Mensaje de Prueba] / Remitido por: {FALLAS EQUIPOS}
2007-11-02 09:18:02 INFO: Leyendo correo del buzon de mensajes
2007-11-02 09:18:02 INFO: Nuevo mensaje desde {gustavo@saludtotal.com} con asunto [ DiegoR,Bullet proof ]
2007-11-02 09:18:02 INFO: Enviando mensaje a 1 usuario
2007-11-02 09:18:02 INFO: [Envio a Punto de Venta] Remitente {gustavo} - Destino: DiegoR - Asunto: Bullet proof
2007-11-02 09:18:02 INFO: Almacenando registro de mensaje en la base de datos [DiegoR]
2007-11-02 09:18:04 INFO: Confirmada lectura del mensaje con destino {DiegoR} / Asunto: [Bullet proof] / Remitido por: {FALLAS EQUIPOS}
2007-11-02 09:18:26 INFO: Nuevo mensaje enviado por Colocador desde 127.0.0.1
2007-11-02 09:18:26 INFO: Enviando mensaje a 1 usuario
2007-11-02 09:18:26 INFO: [Envio a Cuenta de Correo] Remitente {DiegoR} - Destino: gustavo - Asunto: Care pop
2007-11-02 09:18:26 INFO: Almacenando registro de mensaje en la base de datos [gustavo]
2007-11-02 09:18:43 INFO: Leyendo correo del buzon de mensajes
2007-11-02 09:18:43 INFO: Nuevo mensaje desde {gustavo@saludtotal.com} con asunto [ DiegoR,Care pop ]
2007-11-02 09:18:43 INFO: Enviando mensaje a 1 usuario
2007-11-02 09:18:43 INFO: [Envio a Punto de Venta] Remitente {gustavo} - Destino: DiegoR - Asunto: Care pop
2007-11-02 09:18:43 INFO: Almacenando registro de mensaje en la base de datos [DiegoR]
2007-11-02 09:18:44 INFO: Confirmada lectura del mensaje con destino {DiegoR} / Asunto: [Care pop] / Remitido por: {FALLAS EQUIPOS}
2007-11-02 09:20:12 INFO: ConfigFile -> /home/emaku/comeet/comeet/CoMeet-Server/comeet/conf/server.conf
2007-11-02 09:20:12 INFO: Cargando archivo de configuracion...
2007-11-02 09:20:12 INFO: Cargando base de datos... comeet
2007-11-02 09:20:12 ADVERTENCIA: Base de datos deshabilitada desde configuracion -> oracle
2007-11-02 09:20:12 INFO: Cargando cache de enlace [comeet]
2007-11-02 09:20:12 INFO: Iniciando demonio pop3
2007-11-02 09:20:12 INFO: Servidor de correo {saludtotal.com}
2007-11-02 09:20:12 INFO: Iniciando demonio de sincronizacion
2007-11-02 09:20:12 INFO: Servidor CoMeet escuchando por el puerto 9119
2007-11-02 09:20:23 INFO: Se ha establecido una nueva conexion TCP/IP Socket[addr=/127.0.0.1,port=51056,localport=9119]
2007-11-02 09:20:24 INFO: Inicio de autenticacion para el usuario {DiegoR} con la clave {827ccb0eea8a706c4c34a16891f84e7b}
2007-11-02 09:20:24 INFO: Control de acceso sobre direcciones ip no habilitado para este usuario
2007-11-02 09:20:24 INFO: Colocador Autenticado {DiegoR} desde PORVENIR [127.0.0.1]
2007-11-02 09:20:36 INFO: Nuevo mensaje enviado por Colocador desde 127.0.0.1
2007-11-02 09:20:36 INFO: Enviando mensaje a 1 usuario
2007-11-02 09:20:36 INFO: [Envio a Cuenta de Correo] Remitente {DiegoR} - Destino: gustavo - Asunto: Probando
2007-11-02 09:20:36 INFO: Almacenando registro de mensaje en la base de datos [gustavo]
2007-11-02 09:21:03 INFO: Leyendo correo del buzon de mensajes
2007-11-02 09:21:03 INFO: Nuevo mensaje desde {gustavo@saludtotal.com} con asunto [ DiegoR,Probando ]
2007-11-02 09:21:03 INFO: Enviando mensaje a 1 usuario
2007-11-02 09:21:03 INFO: [Envio a Punto de Venta] Remitente {gustavo} - Destino: DiegoR - Asunto: Probando
2007-11-02 09:21:03 INFO: Almacenando registro de mensaje en la base de datos [DiegoR]
2007-11-02 09:21:06 INFO: Confirmada lectura del mensaje con destino {DiegoR} / Asunto: [Probando] / Remitido por: {FALLAS EQUIPOS}
